<?xml version="1.0" encoding="UTF-8"?>
<!-- Generated by org.testng.reporters.JUnitXMLReporter -->
<testsuite ignored="2" hostname="DESKTOP-JQ4HS8B" failures="0" tests="1" name="Default test" time="0.065" errors="0" timestamp="2024-10-03T11:39:33 CEST">
  <testcase classname="testNGGrouping.LoginByMethod" name="loginByEmail" time="0.014"/>
  <testcase classname="testNGGrouping.LoginByMethod" name="loginByTwitter" time="0.0">
    <ignored/>
  </testcase> <!-- loginByTwitter -->
  <testcase classname="testNGGrouping.LoginByMethod" name="loginByFacebook" time="0.0">
    <ignored/>
  </testcase> <!-- loginByFacebook -->
</testsuite> <!-- Default test -->
