<?xml version="1.0" encoding="UTF-8"?>
<!-- Generated by org.testng.reporters.JUnitXMLReporter -->
<testsuite ignored="0" hostname="DESKTOP-JQ4HS8B" failures="0" tests="8" name="GroupingTest" time="0.145" errors="0" timestamp="2024-10-03T14:09:15 CEST">
  <testcase classname="testNGGrouping.LoginByMethod" name="loginByEmail" time="0.021"/>
  <testcase classname="testNGGrouping.LoginByMethod" name="loginByFacebook" time="0.004"/>
  <testcase classname="testNGGrouping.LoginByMethod" name="loginByTwitter" time="0.005"/>
  <testcase classname="testNGGrouping.PaymentByMethod" name="PaymentInDollars" time="0.004"/>
  <testcase classname="testNGGrouping.PaymentByMethod" name="PaymentInRupees" time="0.001"/>
  <testcase classname="testNGGrouping.SignUpMethod" name="SignupByEmail" time="0.003"/>
  <testcase classname="testNGGrouping.SignUpMethod" name="SignupByFacebook" time="0.002"/>
  <testcase classname="testNGGrouping.SignUpMethod" name="SignupByTwitter" time="0.005"/>
</testsuite> <!-- GroupingTest -->
