<?xml version="1.0" encoding="UTF-8"?>
<!-- Generated by org.testng.reporters.JUnitXMLReporter -->
<testsuite ignored="0" hostname="DESKTOP-JQ4HS8B" failures="0" tests="5" name="Test" time="33.586" errors="0" timestamp="2024-09-30T17:43:39 CEST">
  <testcase classname="testngDemo.Flipkart" name="search" time="5.236"/>
  <testcase classname="testngDemo.Flipkart" name="srhbtn" time="8.472"/>
  <testcase classname="testngDemo.Flipkart" name="click_prod" time="5.24"/>
  <testcase classname="testngDemo.Flipkart" name="add_to_cart" time="5.107"/>
  <testcase classname="testngDemo.Flipkart" name="ClosingApp" time="0.462"/>
</testsuite> <!-- Test -->
