<?xml version="1.0" encoding="UTF-8"?>
<testng-results ignored="0" total="8" passed="8" failed="0" skipped="0">
  <reporter-output>
  </reporter-output>
  <suite started-at="2024-10-03T14:09:15 CEST" name="GroupingSuite" finished-at="2024-10-03T14:09:15 CEST" duration-ms="145">
    <groups>
      <group name="regression">
        <method signature="SignUpMethod.SignupByEmail()[pri:1, instance:testNGGrouping.SignUpMethod@42e99e4a]" name="SignupByEmail" class="testNGGrouping.SignUpMethod"/>
        <method signature="SignUpMethod.SignupByFacebook()[pri:2, instance:testNGGrouping.SignUpMethod@42e99e4a]" name="SignupByFacebook" class="testNGGrouping.SignUpMethod"/>
        <method signature="SignUpMethod.SignupByTwitter()[pri:3, instance:testNGGrouping.SignUpMethod@42e99e4a]" name="SignupByTwitter" class="testNGGrouping.SignUpMethod"/>
      </group> <!-- regression -->
      <group name="sanity, regression">
        <method signature="PaymentByMethod.PaymentInDollars()[pri:1, instance:testNGGrouping.PaymentByMethod@4d9e68d0]" name="PaymentInDollars" class="testNGGrouping.PaymentByMethod"/>
        <method signature="PaymentByMethod.PaymentInRupees()[pri:1, instance:testNGGrouping.PaymentByMethod@4d9e68d0]" name="PaymentInRupees" class="testNGGrouping.PaymentByMethod"/>
      </group> <!-- sanity, regression -->
      <group name="sanity">
        <method signature="LoginByMethod.loginByEmail()[pri:1, instance:testNGGrouping.LoginByMethod@402bba4f]" name="loginByEmail" class="testNGGrouping.LoginByMethod"/>
        <method signature="LoginByMethod.loginByFacebook()[pri:2, instance:testNGGrouping.LoginByMethod@402bba4f]" name="loginByFacebook" class="testNGGrouping.LoginByMethod"/>
        <method signature="LoginByMethod.loginByTwitter()[pri:3, instance:testNGGrouping.LoginByMethod@402bba4f]" name="loginByTwitter" class="testNGGrouping.LoginByMethod"/>
      </group> <!-- sanity -->
    </groups>
    <test started-at="2024-10-03T14:09:15 CEST" name="GroupingTest" finished-at="2024-10-03T14:09:15 CEST" duration-ms="145">
      <class name="testNGGrouping.LoginByMethod">
        <test-method signature="loginByEmail()[pri:1, instance:testNGGrouping.LoginByMethod@402bba4f]" started-at="2024-10-03T14:09:15 CEST" name="loginByEmail" finished-at="2024-10-03T14:09:15 CEST" duration-ms="21" status="PASS">
          <reporter-output>
          </reporter-output>
        </test-method> <!-- loginByEmail -->
        <test-method signature="loginByFacebook()[pri:2, instance:testNGGrouping.LoginByMethod@402bba4f]" started-at="2024-10-03T14:09:15 CEST" name="loginByFacebook" finished-at="2024-10-03T14:09:15 CEST" duration-ms="4" status="PASS">
          <reporter-output>
          </reporter-output>
        </test-method> <!-- loginByFacebook -->
        <test-method signature="loginByTwitter()[pri:3, instance:testNGGrouping.LoginByMethod@402bba4f]" started-at="2024-10-03T14:09:15 CEST" name="loginByTwitter" finished-at="2024-10-03T14:09:15 CEST" duration-ms="5" status="PASS">
          <reporter-output>
          </reporter-output>
        </test-method> <!-- loginByTwitter -->
      </class> <!-- testNGGrouping.LoginByMethod -->
      <class name="testNGGrouping.PaymentByMethod">
        <test-method signature="PaymentInDollars()[pri:1, instance:testNGGrouping.PaymentByMethod@4d9e68d0]" started-at="2024-10-03T14:09:15 CEST" name="PaymentInDollars" finished-at="2024-10-03T14:09:15 CEST" duration-ms="4" status="PASS">
          <reporter-output>
          </reporter-output>
        </test-method> <!-- PaymentInDollars -->
        <test-method signature="PaymentInRupees()[pri:1, instance:testNGGrouping.PaymentByMethod@4d9e68d0]" started-at="2024-10-03T14:09:15 CEST" name="PaymentInRupees" finished-at="2024-10-03T14:09:15 CEST" duration-ms="1" status="PASS">
          <reporter-output>
          </reporter-output>
        </test-method> <!-- PaymentInRupees -->
      </class> <!-- testNGGrouping.PaymentByMethod -->
      <class name="testNGGrouping.SignUpMethod">
        <test-method signature="SignupByEmail()[pri:1, instance:testNGGrouping.SignUpMethod@42e99e4a]" started-at="2024-10-03T14:09:15 CEST" name="SignupByEmail" finished-at="2024-10-03T14:09:15 CEST" duration-ms="3" status="PASS">
          <reporter-output>
          </reporter-output>
        </test-method> <!-- SignupByEmail -->
        <test-method signature="SignupByFacebook()[pri:2, instance:testNGGrouping.SignUpMethod@42e99e4a]" started-at="2024-10-03T14:09:15 CEST" name="SignupByFacebook" finished-at="2024-10-03T14:09:15 CEST" duration-ms="2" status="PASS">
          <reporter-output>
          </reporter-output>
        </test-method> <!-- SignupByFacebook -->
        <test-method signature="SignupByTwitter()[pri:3, instance:testNGGrouping.SignUpMethod@42e99e4a]" started-at="2024-10-03T14:09:15 CEST" name="SignupByTwitter" finished-at="2024-10-03T14:09:15 CEST" duration-ms="5" status="PASS">
          <reporter-output>
          </reporter-output>
        </test-method> <!-- SignupByTwitter -->
      </class> <!-- testNGGrouping.SignUpMethod -->
    </test> <!-- GroupingTest -->
  </suite> <!-- GroupingSuite -->
</testng-results>
